<?xml version="1.0" encoding="UTF-8"?>
<testng-results ignored="0" total="1" passed="0" failed="1" skipped="0">
  <reporter-output>
  </reporter-output>
  <suite started-at="2022-09-09T22:24:49 IST" name="Suite" finished-at="2022-09-09T22:25:13 IST" duration-ms="24019">
    <groups>
    </groups>
    <test started-at="2022-09-09T22:24:49 IST" name="Test" finished-at="2022-09-09T22:25:13 IST" duration-ms="24019">
      <class name="com.qa.testPage.BuyMobileTestCase">
        <test-method is-config="true" signature="setup()[pri:0, instance:com.qa.testPage.BuyMobileTestCase@192d43ce]" started-at="2022-09-09T22:24:49 IST" name="setup" finished-at="2022-09-09T22:25:11 IST" duration-ms="21931" status="PASS">
          <reporter-output>
          </reporter-output>
        </test-method> <!-- setup -->
        <test-method signature="verifyBuyMobile()[pri:0, instance:com.qa.testPage.BuyMobileTestCase@192d43ce]" started-at="2022-09-09T22:25:11 IST" name="verifyBuyMobile" finished-at="2022-09-09T22:25:13 IST" duration-ms="2029" status="FAIL">
          <exception class="java.lang.NullPointerException">
            <message>
              <![CDATA[Cannot invoke "org.openqa.selenium.WebElement.sendKeys(java.lang.CharSequence[])" because "this.search_box" is null]]>
            </message>
            <full-stacktrace>
              <![CDATA[java.lang.NullPointerException: Cannot invoke "org.openqa.selenium.WebElement.sendKeys(java.lang.CharSequence[])" because "this.search_box" is null
at com.qa.pageLayer.HomePage.clickOnsearchBox(HomePage.java:23)
at com.qa.testPage.BuyMobileTestCase.verifyBuyMobile(BuyMobileTestCase.java:13)
at java.base/jdk.internal.reflect.DirectMethodHandleAccessor.invoke(DirectMethodHandleAccessor.java:104)
at java.base/java.lang.reflect.Method.invoke(Method.java:577)
at org.testng.internal.MethodInvocationHelper.invokeMethod(MethodInvocationHelper.java:133)
at org.testng.internal.TestInvoker.invokeMethod(TestInvoker.java:598)
at org.testng.internal.TestInvoker.invokeTestMethod(TestInvoker.java:173)
at org.testng.internal.MethodRunner.runInSequence(MethodRunner.java:46)
at org.testng.internal.TestInvoker$MethodInvocationAgent.invoke(TestInvoker.java:824)
at org.testng.internal.TestInvoker.invokeTestMethods(TestInvoker.java:146)
at org.testng.internal.TestMethodWorker.invokeTestMethods(TestMethodWorker.java:146)
at org.testng.internal.TestMethodWorker.run(TestMethodWorker.java:128)
at java.base/java.util.ArrayList.forEach(ArrayList.java:1511)
at org.testng.TestRunner.privateRun(TestRunner.java:794)
at org.testng.TestRunner.run(TestRunner.java:596)
at org.testng.SuiteRunner.runTest(SuiteRunner.java:377)
at org.testng.SuiteRunner.runSequentially(SuiteRunner.java:371)
at org.testng.SuiteRunner.privateRun(SuiteRunner.java:332)
at org.testng.SuiteRunner.run(SuiteRunner.java:276)
at org.testng.SuiteRunnerWorker.runSuite(SuiteRunnerWorker.java:53)
at org.testng.SuiteRunnerWorker.run(SuiteRunnerWorker.java:96)
at org.testng.TestNG.runSuitesSequentially(TestNG.java:1212)
at org.testng.TestNG.runSuitesLocally(TestNG.java:1134)
at org.testng.TestNG.runSuites(TestNG.java:1063)
at org.testng.TestNG.run(TestNG.java:1031)
at org.testng.remote.AbstractRemoteTestNG.run(AbstractRemoteTestNG.java:115)
at org.testng.remote.RemoteTestNG.initAndRun(RemoteTestNG.java:251)
at org.testng.remote.RemoteTestNG.main(RemoteTestNG.java:77)
]]>
            </full-stacktrace>
          </exception> <!-- java.lang.NullPointerException -->
          <reporter-output>
          </reporter-output>
        </test-method> <!-- verifyBuyMobile -->
        <test-method is-config="true" signature="tearDown()[pri:0, instance:com.qa.testPage.BuyMobileTestCase@192d43ce]" started-at="2022-09-09T22:25:13 IST" name="tearDown" finished-at="2022-09-09T22:25:13 IST" duration-ms="0" status="PASS">
          <reporter-output>
          </reporter-output>
        </test-method> <!-- tearDown -->
      </class> <!-- com.qa.testPage.BuyMobileTestCase -->
    </test> <!-- Test -->
  </suite> <!-- Suite -->
</testng-results>
