<?xml version="1.0" encoding="UTF-8"?>
<!-- Generated by org.testng.reporters.JUnitXMLReporter -->
<testsuite ignored="0" hostname="DESKTOP-8BMD8CT" failures="1" tests="1" name="Test" time="24.019" errors="0" timestamp="2022-09-09T22:25:13 IST">
  <testcase classname="com.qa.testPage.BuyMobileTestCase" name="verifyBuyMobile" time="2.029">
    <failure type="java.lang.NullPointerException" message="Cannot invoke &amp;quot;org.openqa.selenium.WebElement.sendKeys(java.lang.CharSequence[])&amp;quot; because &amp;quot;this.search_box&amp;quot; is null">
      <![CDATA[java.lang.NullPointerException: Cannot invoke "org.openqa.selenium.WebElement.sendKeys(java.lang.CharSequence[])" because "this.search_box" is null
at com.qa.pageLayer.HomePage.clickOnsearchBox(HomePage.java:23)
at com.qa.testPage.BuyMobileTestCase.verifyBuyMobile(BuyMobileTestCase.java:13)
at java.base/java.util.ArrayList.forEach(ArrayList.java:1511)
... Removed 25 stack frames]]>
    </failure>
  </testcase> <!-- verifyBuyMobile -->
</testsuite> <!-- Test -->
